TN:
SF:src/modules/accounts/infra/typeorm/entities/User.ts
FN:30,User
FNF:1
FNH:1
FNDA:1,User
DA:1,1
DA:2,1
DA:3,1
DA:4,1
DA:5,1
DA:6,1
DA:7,1
DA:8,1
DA:9,1
DA:10,1
DA:11,1
DA:12,1
DA:13,1
DA:14,1
DA:15,1
DA:16,1
DA:17,1
DA:18,1
DA:19,1
DA:20,1
DA:21,1
DA:22,1
DA:23,1
DA:24,1
DA:25,1
DA:26,1
DA:27,1
DA:28,1
DA:29,1
DA:30,1
DA:31,1
DA:32,1
DA:33,1
DA:34,1
DA:35,1
DA:36,1
DA:37,1
LF:37
LH:37
BRDA:5,0,0,1
BRDA:30,1,0,1
BRF:2
BRH:2
end_of_record
TN:
SF:src/modules/accounts/repositories/in-memory/UsersRepositoryInMemory.ts
FN:6,UsersRepositoryInMemory
FN:9,Object.<anonymous>.UsersRepositoryInMemory.create
FN:20,Object.<anonymous>.UsersRepositoryInMemory.findByEmail
FN:23,Object.<anonymous>.UsersRepositoryInMemory.findById
FNF:4
FNH:3
FNDA:3,UsersRepositoryInMemory
FNDA:1,Object.<anonymous>.UsersRepositoryInMemory.create
FNDA:4,Object.<anonymous>.UsersRepositoryInMemory.findByEmail
FNDA:0,Object.<anonymous>.UsersRepositoryInMemory.findById
DA:1,1
DA:2,1
DA:3,1
DA:4,1
DA:5,1
DA:6,3
DA:7,3
DA:8,3
DA:9,3
DA:10,1
DA:11,1
DA:12,1
DA:13,1
DA:14,1
DA:15,1
DA:16,1
DA:17,1
DA:18,3
DA:19,3
DA:20,3
DA:21,4
DA:22,4
DA:23,3
DA:24,0
DA:25,0
DA:26,3
DA:27,3
DA:28,1
DA:29,1
LF:29
LH:27
BRDA:6,0,0,1
BRDA:6,1,0,3
BRDA:9,2,0,1
BRDA:20,3,0,4
BRDA:21,4,0,1
BRF:5
BRH:5
end_of_record
TN:
SF:src/modules/accounts/useCases/authenticateUser/AuthenticateUserUseCase.ts
FN:23,AuthenticateUserUseCase
FN:28,Object.<anonymous>.AuthenticateUserUseCase.execute
FNF:2
FNH:2
FNDA:3,AuthenticateUserUseCase
FNDA:2,Object.<anonymous>.AuthenticateUserUseCase.execute
DA:1,1
DA:2,1
DA:3,1
DA:4,1
DA:5,1
DA:6,1
DA:7,1
DA:8,1
DA:9,1
DA:10,1
DA:11,1
DA:12,1
DA:13,1
DA:14,1
DA:15,1
DA:16,1
DA:17,1
DA:18,1
DA:19,1
DA:20,1
DA:21,1
DA:22,1
DA:23,1
DA:24,3
DA:25,3
DA:26,3
DA:27,1
DA:28,1
DA:29,2
DA:30,2
DA:31,2
DA:32,2
DA:33,1
DA:34,1
DA:35,1
DA:36,1
DA:37,2
DA:38,2
DA:39,2
DA:40,0
DA:41,0
DA:42,2
DA:43,2
DA:44,2
DA:45,2
DA:46,2
DA:47,2
DA:48,2
DA:49,2
DA:50,2
DA:51,2
DA:52,2
DA:53,2
DA:54,2
DA:55,2
DA:56,2
DA:57,2
DA:58,2
DA:59,1
DA:60,1
DA:61,1
LF:61
LH:59
BRDA:22,0,0,1
BRDA:23,1,0,3
BRDA:28,2,0,2
BRDA:30,3,0,2
BRDA:32,4,0,1
BRDA:39,5,0,0
BRF:6
BRH:5
end_of_record
TN:
SF:src/modules/accounts/useCases/createUser/CreateUserUseCase.ts
FN:10,CreateUserUseCase
FN:15,Object.<anonymous>.CreateUserUseCase.execute
FNF:2
FNH:2
FNDA:3,CreateUserUseCase
FNDA:2,Object.<anonymous>.CreateUserUseCase.execute
DA:1,1
DA:2,1
DA:3,1
DA:4,1
DA:5,1
DA:6,1
DA:7,1
DA:8,1
DA:9,1
DA:10,1
DA:11,3
DA:12,3
DA:13,3
DA:14,1
DA:15,1
DA:16,2
DA:17,2
DA:18,2
DA:19,2
DA:20,2
DA:21,2
DA:22,2
DA:23,2
DA:24,2
DA:25,0
DA:26,0
DA:27,2
DA:28,2
DA:29,2
DA:30,2
DA:31,2
DA:32,2
DA:33,2
DA:34,2
DA:35,2
DA:36,2
DA:37,1
DA:38,1
DA:39,1
LF:39
LH:37
BRDA:9,0,0,1
BRDA:10,1,0,3
BRDA:15,2,0,2
BRDA:22,3,0,2
BRDA:24,4,0,0
BRF:5
BRH:4
end_of_record
TN:
SF:src/modules/cars/infra/typeorm/entities/Car.ts
FN:51,Car
FNF:1
FNH:1
FNDA:6,Car
DA:1,1
DA:2,1
DA:3,1
DA:4,1
DA:5,1
DA:6,1
DA:7,2
DA:8,2
DA:9,2
DA:10,2
DA:11,2
DA:12,2
DA:13,2
DA:14,2
DA:15,2
DA:16,2
DA:17,2
DA:18,2
DA:19,2
DA:20,2
DA:21,2
DA:22,2
DA:23,2
DA:24,2
DA:25,2
DA:26,2
DA:27,2
DA:28,2
DA:29,2
DA:30,2
DA:31,2
DA:32,2
DA:33,2
DA:34,2
DA:35,2
DA:36,2
DA:37,2
DA:38,2
DA:39,2
DA:40,2
DA:41,2
DA:42,2
DA:43,2
DA:44,2
DA:45,2
DA:46,2
DA:47,2
DA:48,2
DA:49,2
DA:50,2
DA:51,2
DA:52,6
DA:53,6
DA:54,6
DA:55,6
DA:56,6
DA:57,2
DA:58,1
DA:59,1
LF:59
LH:59
BRDA:7,0,0,2
BRDA:51,1,0,6
BRF:2
BRH:2
end_of_record
TN:
SF:src/modules/cars/infra/typeorm/entities/Category.ts
FN:18,Category
FNF:1
FNH:1
FNDA:2,Category
DA:1,1
DA:2,1
DA:3,1
DA:4,1
DA:5,2
DA:6,2
DA:7,2
DA:8,2
DA:9,2
DA:10,2
DA:11,2
DA:12,2
DA:13,2
DA:14,2
DA:15,2
DA:16,2
DA:17,2
DA:18,2
DA:19,2
DA:20,2
DA:21,2
DA:22,2
DA:23,2
DA:24,1
DA:25,1
LF:25
LH:25
BRDA:5,0,0,2
BRDA:18,1,0,2
BRF:2
BRH:2
end_of_record
TN:
SF:src/modules/cars/infra/typeorm/entities/Specification.ts
FN:18,Specification
FNF:1
FNH:1
FNDA:1,Specification
DA:1,1
DA:2,1
DA:3,1
DA:4,1
DA:5,2
DA:6,2
DA:7,2
DA:8,2
DA:9,2
DA:10,2
DA:11,2
DA:12,2
DA:13,2
DA:14,2
DA:15,2
DA:16,2
DA:17,2
DA:18,2
DA:19,1
DA:20,1
DA:21,1
DA:22,1
DA:23,2
DA:24,1
DA:25,1
LF:25
LH:25
BRDA:5,0,0,2
BRDA:18,1,0,1
BRF:2
BRH:2
end_of_record
TN:
SF:src/modules/cars/repositories/in-memory/CarsRepositoryInMemory.ts
FN:6,CarsRepositoryInMemory
FN:10,Object.<anonymous>.CarsRepositoryInMemory.create
FN:37,Object.<anonymous>.CarsRepositoryInMemory.findByLicensePlate
FN:41,Object.<anonymous>.CarsRepositoryInMemory.findAvailable
FN:61,Object.<anonymous>.CarsRepositoryInMemory.findById
FNF:5
FNH:5
FNDA:6,CarsRepositoryInMemory
FNDA:6,Object.<anonymous>.CarsRepositoryInMemory.create
FNDA:4,Object.<anonymous>.CarsRepositoryInMemory.findByLicensePlate
FNDA:4,Object.<anonymous>.CarsRepositoryInMemory.findAvailable
FNDA:2,Object.<anonymous>.CarsRepositoryInMemory.findById
DA:1,1
DA:2,1
DA:3,1
DA:4,1
DA:5,1
DA:6,6
DA:7,6
DA:8,6
DA:9,6
DA:10,6
DA:11,6
DA:12,6
DA:13,6
DA:14,6
DA:15,6
DA:16,6
DA:17,6
DA:18,6
DA:19,6
DA:20,6
DA:21,6
DA:22,6
DA:23,6
DA:24,6
DA:25,6
DA:26,6
DA:27,6
DA:28,6
DA:29,6
DA:30,6
DA:31,6
DA:32,6
DA:33,6
DA:34,6
DA:35,6
DA:36,6
DA:37,6
DA:38,4
DA:39,4
DA:40,6
DA:41,6
DA:42,4
DA:43,4
DA:44,4
DA:45,4
DA:46,4
DA:47,4
DA:48,4
DA:49,0
DA:50,0
DA:51,0
DA:52,4
DA:53,4
DA:54,4
DA:55,0
DA:56,4
DA:57,4
DA:58,4
DA:59,4
DA:60,6
DA:61,6
DA:62,2
DA:63,2
DA:64,6
DA:65,1
DA:66,1
LF:66
LH:62
BRDA:6,0,0,2
BRDA:6,1,0,6
BRDA:10,2,0,6
BRDA:37,3,0,4
BRDA:38,4,0,1
BRDA:41,5,0,4
BRDA:46,6,0,4
BRDA:48,7,0,0
BRDA:55,8,0,0
BRDA:61,9,0,2
BRDA:62,10,0,1
BRF:11
BRH:9
end_of_record
TN:
SF:src/modules/cars/repositories/in-memory/CategoriesRepositoryInMemory.ts
FN:7,CategoriesRepositoryInMemory
FN:12,Object.<anonymous>.CategoriesRepositoryInMemory.findByName
FN:18,Object.<anonymous>.CategoriesRepositoryInMemory.list
FN:23,Object.<anonymous>.CategoriesRepositoryInMemory.create
FNF:4
FNH:3
FNDA:2,CategoriesRepositoryInMemory
FNDA:4,Object.<anonymous>.CategoriesRepositoryInMemory.findByName
FNDA:0,Object.<anonymous>.CategoriesRepositoryInMemory.list
FNDA:2,Object.<anonymous>.CategoriesRepositoryInMemory.create
DA:1,1
DA:2,1
DA:3,1
DA:4,1
DA:5,1
DA:6,1
DA:7,2
DA:8,2
DA:9,2
DA:10,2
DA:11,2
DA:12,2
DA:13,4
DA:14,4
DA:15,4
DA:16,4
DA:17,2
DA:18,2
DA:19,0
DA:20,0
DA:21,0
DA:22,2
DA:23,2
DA:24,2
DA:25,2
DA:26,2
DA:27,2
DA:28,2
DA:29,2
DA:30,2
DA:31,2
DA:32,2
DA:33,2
DA:34,1
DA:35,1
LF:35
LH:32
BRDA:7,0,0,1
BRDA:7,1,0,2
BRDA:12,2,0,4
BRDA:13,3,0,2
BRDA:23,4,0,2
BRF:5
BRH:5
end_of_record
TN:
SF:src/modules/cars/repositories/in-memory/SpecificationsRepositoryInMemory.ts
FN:6,SpecificationsRepositoryInMemory
FN:9,Object.<anonymous>.SpecificationsRepositoryInMemory.create
FN:22,Object.<anonymous>.SpecificationsRepositoryInMemory.findByName
FN:27,Object.<anonymous>.SpecificationsRepositoryInMemory.findByIds
FNF:4
FNH:3
FNDA:2,SpecificationsRepositoryInMemory
FNDA:1,Object.<anonymous>.SpecificationsRepositoryInMemory.create
FNDA:0,Object.<anonymous>.SpecificationsRepositoryInMemory.findByName
FNDA:1,Object.<anonymous>.SpecificationsRepositoryInMemory.findByIds
DA:1,1
DA:2,1
DA:3,1
DA:4,1
DA:5,1
DA:6,2
DA:7,2
DA:8,2
DA:9,2
DA:10,1
DA:11,1
DA:12,1
DA:13,1
DA:14,1
DA:15,1
DA:16,1
DA:17,1
DA:18,1
DA:19,1
DA:20,1
DA:21,2
DA:22,2
DA:23,0
DA:24,0
DA:25,2
DA:26,2
DA:27,2
DA:28,1
DA:29,1
DA:30,1
DA:31,1
DA:32,2
DA:33,2
DA:34,1
DA:35,1
LF:35
LH:33
BRDA:6,0,0,1
BRDA:6,1,0,2
BRDA:9,2,0,1
BRDA:27,3,0,1
BRDA:28,4,0,1
BRF:5
BRH:5
end_of_record
TN:
SF:src/modules/cars/useCases/createCar/CreateCarUseCase.ts
FN:19,CreateCarUseCase
FN:24,Object.<anonymous>.CreateCarUseCase.execute
FNF:2
FNH:2
FNDA:3,CreateCarUseCase
FNDA:4,Object.<anonymous>.CreateCarUseCase.execute
DA:1,1
DA:2,1
DA:3,1
DA:4,1
DA:5,1
DA:6,1
DA:7,1
DA:8,1
DA:9,1
DA:10,1
DA:11,1
DA:12,1
DA:13,1
DA:14,1
DA:15,1
DA:16,1
DA:17,1
DA:18,1
DA:19,1
DA:20,3
DA:21,3
DA:22,3
DA:23,1
DA:24,1
DA:25,4
DA:26,4
DA:27,4
DA:28,4
DA:29,4
DA:30,4
DA:31,4
DA:32,4
DA:33,4
DA:34,4
DA:35,4
DA:36,4
DA:37,1
DA:38,1
DA:39,3
DA:40,3
DA:41,3
DA:42,3
DA:43,3
DA:44,3
DA:45,3
DA:46,3
DA:47,3
DA:48,3
DA:49,4
DA:50,4
DA:51,4
DA:52,1
DA:53,1
DA:54,1
LF:54
LH:54
BRDA:18,0,0,1
BRDA:19,1,0,3
BRDA:24,2,0,4
BRDA:34,3,0,4
BRDA:36,4,0,1
BRDA:39,5,0,3
BRF:6
BRH:6
end_of_record
TN:
SF:src/modules/cars/useCases/createCarSpecification/CreateCarSpecificationUseCase.ts
FN:15,CreateCarSpecificationUseCase
FN:23,Object.<anonymous>.CreateCarSpecificationUseCase.execute
FNF:2
FNH:2
FNDA:2,CreateCarSpecificationUseCase
FNDA:2,Object.<anonymous>.CreateCarSpecificationUseCase.execute
DA:1,1
DA:2,1
DA:3,1
DA:4,1
DA:5,1
DA:6,1
DA:7,1
DA:8,1
DA:9,1
DA:10,1
DA:11,1
DA:12,1
DA:13,1
DA:14,1
DA:15,1
DA:16,2
DA:17,2
DA:18,2
DA:19,2
DA:20,2
DA:21,2
DA:22,1
DA:23,1
DA:24,2
DA:25,2
DA:26,2
DA:27,1
DA:28,1
DA:29,1
DA:30,1
DA:31,2
DA:32,2
DA:33,2
DA:34,2
DA:35,2
DA:36,2
DA:37,2
DA:38,1
DA:39,1
DA:40,1
LF:40
LH:40
BRDA:12,0,0,1
BRDA:15,1,0,2
BRDA:23,2,0,2
BRDA:24,3,0,2
BRDA:26,4,0,1
BRF:5
BRH:5
end_of_record
TN:
SF:src/modules/cars/useCases/createCategory/CreateCategoryUseCase.ts
FN:13,CreateCategoryUseCase
FN:18,Object.<anonymous>.CreateCategoryUseCase.execute
FNF:2
FNH:2
FNDA:2,CreateCategoryUseCase
FNDA:3,Object.<anonymous>.CreateCategoryUseCase.execute
DA:1,1
DA:2,1
DA:3,1
DA:4,1
DA:5,1
DA:6,1
DA:7,1
DA:8,1
DA:9,1
DA:10,1
DA:11,1
DA:12,1
DA:13,1
DA:14,2
DA:15,2
DA:16,2
DA:17,1
DA:18,1
DA:19,3
DA:20,3
DA:21,3
DA:22,1
DA:23,1
DA:24,3
DA:25,3
DA:26,3
DA:27,1
DA:28,1
DA:29,1
LF:29
LH:29
BRDA:12,0,0,1
BRDA:13,1,0,2
BRDA:18,2,0,3
BRDA:19,3,0,3
BRDA:21,4,0,1
BRF:5
BRH:5
end_of_record
TN:
SF:src/modules/cars/useCases/listAvailableCars/ListAvailableCarsUseCase.ts
FN:14,ListAvailableCarsUseCase
FN:18,Object.<anonymous>.ListAvailableCarsUseCase.execute
FNF:2
FNH:2
FNDA:4,ListAvailableCarsUseCase
FNDA:4,Object.<anonymous>.ListAvailableCarsUseCase.execute
DA:1,1
DA:2,1
DA:3,1
DA:4,1
DA:5,1
DA:6,1
DA:7,1
DA:8,1
DA:9,1
DA:10,1
DA:11,1
DA:12,1
DA:13,1
DA:14,1
DA:15,4
DA:16,4
DA:17,1
DA:18,1
DA:19,4
DA:20,4
DA:21,4
DA:22,4
DA:23,4
DA:24,4
DA:25,4
DA:26,1
DA:27,1
DA:28,1
LF:28
LH:28
BRDA:13,0,0,1
BRDA:14,1,0,4
BRDA:18,2,0,4
BRDA:19,3,0,4
BRF:4
BRH:4
end_of_record
TN:
SF:src/modules/rentals/infra/typeorm/entities/Rental.ts
FN:22,Rental
FNF:1
FNH:1
FNDA:3,Rental
DA:1,1
DA:2,1
DA:3,1
DA:4,1
DA:5,1
DA:6,1
DA:7,1
DA:8,1
DA:9,1
DA:10,1
DA:11,1
DA:12,1
DA:13,1
DA:14,1
DA:15,1
DA:16,1
DA:17,1
DA:18,1
DA:19,1
DA:20,1
DA:21,1
DA:22,1
DA:23,3
DA:24,3
DA:25,3
DA:26,3
DA:27,3
DA:28,1
DA:29,1
DA:30,1
DA:31,1
DA:32,1
LF:32
LH:32
BRDA:3,0,0,1
BRDA:22,1,0,3
BRF:2
BRH:2
end_of_record
TN:
SF:src/modules/rentals/repositories/in-memory/RentalRepositoryInMemory.ts
FN:5,RentalsRepositoryInMemory
FN:9,Object.<anonymous>.RentalsRepositoryInMemory.findOpenRentalByCar
FN:14,Object.<anonymous>.RentalsRepositoryInMemory.findOpenRentalByUser
FN:20,Object.<anonymous>.RentalsRepositoryInMemory.create
FNF:4
FNH:4
FNDA:4,RentalsRepositoryInMemory
FNDA:6,Object.<anonymous>.RentalsRepositoryInMemory.findOpenRentalByCar
FNDA:4,Object.<anonymous>.RentalsRepositoryInMemory.findOpenRentalByUser
FNDA:3,Object.<anonymous>.RentalsRepositoryInMemory.create
DA:1,1
DA:2,1
DA:3,1
DA:4,1
DA:5,4
DA:6,4
DA:7,4
DA:8,4
DA:9,4
DA:10,6
DA:11,6
DA:12,6
DA:13,6
DA:14,4
DA:15,4
DA:16,4
DA:17,4
DA:18,4
DA:19,4
DA:20,4
DA:21,3
DA:22,3
DA:23,3
DA:24,3
DA:25,3
DA:26,3
DA:27,3
DA:28,3
DA:29,3
DA:30,3
DA:31,3
DA:32,3
DA:33,3
DA:34,4
DA:35,4
DA:36,1
DA:37,1
LF:37
LH:37
BRDA:5,0,0,1
BRDA:5,1,0,4
BRDA:9,2,0,6
BRDA:11,3,0,2
BRDA:14,4,0,4
BRDA:20,5,0,3
BRF:6
BRH:6
end_of_record
TN:
SF:src/modules/rentals/useCases/createRental/CreateRentalUseCase.ts
FN:13,CreateRentalUseCase
FN:18,Object.<anonymous>.CreateRentalUseCase.execute
FNF:2
FNH:2
FNDA:4,CreateRentalUseCase
FNDA:6,Object.<anonymous>.CreateRentalUseCase.execute
DA:1,1
DA:2,1
DA:3,1
DA:4,1
DA:5,1
DA:6,1
DA:7,1
DA:8,1
DA:9,1
DA:10,1
DA:11,1
DA:12,1
DA:13,1
DA:14,4
DA:15,4
DA:16,4
DA:17,1
DA:18,1
DA:19,6
DA:20,6
DA:21,6
DA:22,6
DA:23,6
DA:24,6
DA:25,6
DA:26,6
DA:27,6
DA:28,6
DA:29,6
DA:30,2
DA:31,2
DA:32,4
DA:33,4
DA:34,4
DA:35,4
DA:36,6
DA:37,6
DA:38,0
DA:39,0
DA:40,6
DA:41,6
DA:42,6
DA:43,6
DA:44,6
DA:45,6
DA:46,6
DA:47,6
DA:48,6
DA:49,1
DA:50,1
DA:51,3
DA:52,3
DA:53,3
DA:54,3
DA:55,3
DA:56,3
DA:57,6
DA:58,6
DA:59,6
DA:60,1
DA:61,1
DA:62,1
LF:62
LH:60
BRDA:12,0,0,1
BRDA:13,1,0,4
BRDA:18,2,0,6
BRDA:29,3,0,2
BRDA:32,4,0,4
BRDA:37,5,0,0
BRDA:48,6,0,1
BRDA:51,7,0,3
BRF:8
BRH:7
end_of_record
TN:
SF:src/shared/container/providers/DateProvider/implementations/DayjsDateProvider.ts
FN:7,DayjsDateProvider
FN:8,Object.<anonymous>.DayjsDateProvider.compareInHours
FN:15,Object.<anonymous>.DayjsDateProvider.convertToUtc
FN:19,Object.<anonymous>.DayjsDateProvider.dateNow
FNF:4
FNH:4
FNDA:4,DayjsDateProvider
FNDA:4,Object.<anonymous>.DayjsDateProvider.compareInHours
FNDA:8,Object.<anonymous>.DayjsDateProvider.convertToUtc
FNDA:4,Object.<anonymous>.DayjsDateProvider.dateNow
DA:1,1
DA:2,1
DA:3,1
DA:4,1
DA:5,1
DA:6,1
DA:7,4
DA:8,4
DA:9,4
DA:10,4
DA:11,4
DA:12,4
DA:13,4
DA:14,4
DA:15,4
DA:16,8
DA:17,8
DA:18,4
DA:19,4
DA:20,4
DA:21,4
DA:22,4
DA:23,1
DA:24,1
LF:24
LH:24
BRDA:7,0,0,1
BRDA:7,1,0,4
BRDA:8,2,0,4
BRDA:15,3,0,8
BRDA:19,4,0,4
BRF:5
BRH:5
end_of_record
TN:
SF:src/shared/errors/AppError.ts
FN:6,AppError
FNF:1
FNH:1
FNDA:3,AppError
DA:1,3
DA:2,3
DA:3,3
DA:4,3
DA:5,3
DA:6,3
DA:7,3
DA:8,3
DA:9,3
DA:10,3
LF:10
LH:10
BRDA:1,0,0,3
BRDA:6,1,0,3
BRF:2
BRH:2
end_of_record
